2025-07-02 07:52:21.241      Server Startup! 
2025-07-02 07:52:21.242      HTTP server running on port 80 
2025-07-02 07:52:21.242      HTTPS server running on port 2007 
2025-07-02 07:52:21.248      AdminRouter:     All data loaded. 
2025-07-02 07:52:21.259      TaskRouter:      Users loaded:         ["manuel","silvan","david"] 
2025-07-02 07:52:21.259      TaskRouter:      Times loaded:         [[[],[],[]],[[],[],[]],[[],[],[]],[[],[],[]],[[],[],[]],[[],[],[]],[[],[],[]]] 
2025-07-02 07:52:21.260      UserRouter:      Users loaded:         ["manuel","silvan","david"] 
2025-07-02 07:52:21.259      TaskRouter:      Tasks loaded:         [[[],[],[]],[[],[],[]],[[],[],[]],[[],[],[]],[[],[],[]],[[],[],[]],[[],[],[]]] 
2025-07-02 07:52:21.260      TimeRouter:      Times loaded:         ["manuel","0","silvan","0","david","0"] 
2025-07-02 07:52:21.261      LoginRouter:     Passwords loaded:     ["Hidden"] 
2025-07-02 07:52:21.262      LoginRouter:     Usernames loaded:     ["Hidden"] 
2025-07-02 07:52:49.665      UserRouter:      Searched for users: manuel,silvan,david 
2025-07-02 07:53:23.698      LoginRouter:     Admin-Password-Reset-Code was generated, it was: "k0IHcSE3xy65Y3AxLnWj" 
2025-07-02 07:57:04.314      UserRouter:      Searched for users: manuel,silvan,david 
2025-07-02 07:57:33.766      UserRouter:      Searched for users: manuel,silvan,david 
2025-07-02 08:03:39.750      TimeRouter:      Searched for UserTime User: manuel Time: 0 
2025-07-02 08:03:39.775      TaskRouter:      Searched for tasks of user: manuel and the tasks where ,, 
2025-07-02 08:03:39.799      TaskRouter:      Searched for task-times of user: manuel and the task-times where  
2025-07-02 08:04:05.619      TimeRouter:      Searched for UserTime User: silvan Time: 0 
2025-07-02 08:04:05.632      TaskRouter:      Searched for tasks of user: silvan and the tasks where ,, 
2025-07-02 08:04:05.640      TaskRouter:      Searched for task-times of user: silvan and the task-times where  
2025-07-02 08:04:09.832      TimeRouter:      Searched for UserTime User: david Time: 0 
2025-07-02 08:04:09.846      TaskRouter:      Searched for tasks of user: david and the tasks where ,, 
2025-07-02 08:04:09.854      TaskRouter:      Searched for task-times of user: david and the task-times where  
2025-07-02 08:04:11.057      TimeRouter:      Searched for UserTime User: manuel Time: 0 
2025-07-02 08:04:11.076      TaskRouter:      Searched for tasks of user: manuel and the tasks where ,, 
2025-07-02 08:04:11.083      TaskRouter:      Searched for task-times of user: manuel and the task-times where  
2025-07-02 08:04:18.194      TimeRouter:      Searched for UserTime User: silvan Time: 0 
2025-07-02 08:04:18.211      TaskRouter:      Searched for tasks of user: silvan and the tasks where ,, 
2025-07-02 08:04:18.219      TaskRouter:      Searched for task-times of user: silvan and the task-times where  
2025-07-02 08:04:18.931      TimeRouter:      Searched for UserTime User: manuel Time: 0 
2025-07-02 08:04:18.952      TaskRouter:      Searched for tasks of user: manuel and the tasks where ,, 
2025-07-02 08:04:18.956      TaskRouter:      Searched for task-times of user: manuel and the task-times where  
2025-07-02 08:04:19.606      TimeRouter:      Searched for UserTime User: david Time: 0 
2025-07-02 08:04:19.627      TaskRouter:      Searched for tasks of user: david and the tasks where ,, 
2025-07-02 08:04:19.631      TaskRouter:      Searched for task-times of user: david and the task-times where  
2025-07-02 08:04:20.384      TimeRouter:      Searched for UserTime User: manuel Time: 0 
2025-07-02 08:04:20.401      TaskRouter:      Searched for tasks of user: manuel and the tasks where ,, 
2025-07-02 08:04:20.408      TaskRouter:      Searched for task-times of user: manuel and the task-times where  
2025-07-02 08:04:21.106      TimeRouter:      Searched for UserTime User: silvan Time: 0 
2025-07-02 08:04:21.119      TaskRouter:      Searched for tasks of user: silvan and the tasks where ,, 
2025-07-02 08:04:21.127      TaskRouter:      Searched for task-times of user: silvan and the task-times where  
2025-07-02 08:04:21.801      TimeRouter:      Searched for UserTime User: manuel Time: 0 
2025-07-02 08:04:21.813      TaskRouter:      Searched for tasks of user: manuel and the tasks where ,, 
2025-07-02 08:04:21.820      TaskRouter:      Searched for task-times of user: manuel and the task-times where  
2025-07-02 08:04:22.567      TimeRouter:      Searched for UserTime User: david Time: 0 
2025-07-02 08:04:22.581      TaskRouter:      Searched for tasks of user: david and the tasks where ,, 
2025-07-02 08:04:22.586      TaskRouter:      Searched for task-times of user: david and the task-times where  
2025-07-02 08:04:23.304      TimeRouter:      Searched for UserTime User: manuel Time: 0 
2025-07-02 08:04:23.325      TaskRouter:      Searched for tasks of user: manuel and the tasks where ,, 
2025-07-02 08:04:23.331      TaskRouter:      Searched for task-times of user: manuel and the task-times where  
2025-07-02 08:06:25.753      LoginRouter:     Admin user: 0 logged in. 
2025-07-02 08:06:25.798      UserRouter:      Searched for users: manuel,silvan,david 
2025-07-02 08:06:25.803      TaskRouter:      Searched for tasks of user: manuel and the tasks where ,, 
2025-07-02 08:06:25.804      TimeRouter:      Searched for UserTime User: manuel Time: 0 
2025-07-02 08:06:25.805      TimeRouter:      Searched for UserTime User: manuel Time: 0 
2025-07-02 08:08:15.909      LoginRouter:     Admin user: 0 logged in. 
2025-07-02 08:08:15.953      UserRouter:      Searched for users: manuel,silvan,david 
2025-07-02 08:08:15.992      TaskRouter:      Searched for tasks of user: manuel and the tasks where ,, 
2025-07-02 08:08:15.993      TimeRouter:      Searched for UserTime User: manuel Time: 0 
2025-07-02 08:08:15.994      TimeRouter:      Searched for UserTime User: manuel Time: 0 
2025-07-02 08:09:02.270      LoginRouter:     Admin user: 0 logged in. 
2025-07-02 08:09:02.334      UserRouter:      Searched for users: manuel,silvan,david 
2025-07-02 08:09:02.351      TaskRouter:      Searched for tasks of user: manuel and the tasks where ,, 
2025-07-02 08:09:02.352      TimeRouter:      Searched for UserTime User: manuel Time: 0 
2025-07-02 08:09:02.353      TimeRouter:      Searched for UserTime User: manuel Time: 0 
2025-07-02 08:10:17.103      LoginRouter:     Admin user: 0 logged in. 
2025-07-02 08:10:17.162      UserRouter:      Searched for users: manuel,silvan,david 
2025-07-02 08:10:17.204      TaskRouter:      Searched for tasks of user: manuel and the tasks where ,, 
2025-07-02 08:10:17.205      TimeRouter:      Searched for UserTime User: manuel Time: 0 
2025-07-02 08:10:17.206      TimeRouter:      Searched for UserTime User: manuel Time: 0 
