2025-11-12 13:19:48.252      Server Startup! 
2025-11-12 13:19:48.254      HTTPS server running on port 10108 
2025-11-12 13:19:48.254      HTTP server running on port 80 
2025-11-12 13:19:48.268      AdminRouter:     All data loaded. 
2025-11-12 13:19:48.293      TaskRouter:      Users loaded:         ["manuel","silvan","david"] 
2025-11-12 13:19:48.292      TaskRouter:      Tasks loaded:         [[[],[],[]],[[],[],[]],[[],[],[]],[[],[],[]],[[],[],[]],[[],[],[]],[[],[],[]]] 
2025-11-12 13:19:48.292      TaskRouter:      Times loaded:         [[[],[],[]],[[],[],[]],[[],[],[]],[[],[],[]],[[],[],[]],[[],[],[]],[[],[],[]]] 
2025-11-12 13:19:48.296      UserRouter:      Users loaded:         ["manuel","silvan","david"] 
2025-11-12 13:19:48.298      TimeRouter:      Times loaded:         ["0","0","0"] 
2025-11-12 13:19:48.299      TimeRouter:      Users loaded:         ["manuel","silvan","david"] 
2025-11-12 13:19:48.303      LoginRouter:     Usernames loaded:     ["Hidden"] 
2025-11-12 13:19:48.302      LoginRouter:     Passwords loaded:     ["Hidden"] 
2025-11-12 13:20:02.434      Server Startup! 
2025-11-12 13:20:02.437      HTTPS server running on port 10108 
2025-11-12 13:20:02.436      HTTP server running on port 80 
2025-11-12 13:20:02.489      AdminRouter:     All data loaded. 3r  
2025-11-12 13:20:02.522      TaskRouter:      Times loaded:         [[[],[],[]],[[],[],[]],[[],[],[]],[[],[],[]],[[],[],[]],[[],[],[]],[[],[],[]]] 
2025-11-12 13:20:02.523      TaskRouter:      Tasks loaded:         [[[],[],[]],[[],[],[]],[[],[],[]],[[],[],[]],[[],[],[]],[[],[],[]],[[],[],[]]] 
2025-11-12 13:20:02.523      TaskRouter:      Users loaded:         ["manuel","silvan","david"] 
2025-11-12 13:20:02.526      UserRouter:      Users loaded:         ["manuel","silvan","david"] 
2025-11-12 13:20:02.527      TimeRouter:      Times loaded:         ["0","0","0"] 
2025-11-12 13:20:02.530      TimeRouter:      Users loaded:         ["manuel","silvan","david"] 
2025-11-12 13:20:02.534      LoginRouter:     Usernames loaded:     ["Hidden"] 
2025-11-12 13:20:02.533      LoginRouter:     Passwords loaded:     ["Hidden"] 
2025-11-12 13:20:28.607      Server Startup! 
2025-11-12 13:20:28.610      HTTPS server running on port 10108 
2025-11-12 13:20:28.609      HTTP server running on port 80 
2025-11-12 13:20:28.621      AdminRouter:     All data loaded. 
2025-11-12 13:20:28.643      TaskRouter:      Times loaded:         [[[],[],[]],[[],[],[]],[[],[],[]],[[],[],[]],[[],[],[]],[[],[],[]],[[],[],[]]] 
2025-11-12 13:20:28.644      TaskRouter:      Tasks loaded:         [[[],[],[]],[[],[],[]],[[],[],[]],[[],[],[]],[[],[],[]],[[],[],[]],[[],[],[]]] 
2025-11-12 13:20:28.644      TaskRouter:      Users loaded:         ["manuel","silvan","david"] 
2025-11-12 13:20:28.647      UserRouter:      Users loaded:         ["manuel","silvan","david"] 
2025-11-12 13:20:28.648      TimeRouter:      Times loaded:         ["0","0","0"] 
2025-11-12 13:20:28.649      TimeRouter:      Users loaded:         ["manuel","silvan","david"] 
2025-11-12 13:20:28.651      LoginRouter:     Passwords loaded:     ["Hidden"] 
2025-11-12 13:20:28.651      LoginRouter:     Usernames loaded:     ["Hidden"] 
2025-11-12 13:23:51.268      UserRouter:      Creating user: User added: asdfff 
2025-11-12 13:23:51.274      TimeRouter:      User asdfff created. 
2025-11-12 13:23:51.275      TimeRouter:      Time update: User asdfff to 0 
2025-11-12 13:23:51.277      TaskRouter:      Added user: asdfff 
2025-11-12 13:23:58.896      UserRouter:      User deleted: asdfff 
2025-11-12 13:23:58.901      TaskRouter:      User deleted: asdfff 
2025-11-12 13:23:58.902      TimeRouter:      User deleted: asdfff 
2025-11-12 13:24:13.302      UserRouter:      Searched for users: manuel,silvan,david 
2025-11-12 14:55:33.445      Server Startup! 
2025-11-12 14:55:33.447      HTTP server running on port 80 
2025-11-12 14:55:33.448      HTTPS server running on port 10108 
2025-11-12 14:55:33.459      AdminRouter:     All data loaded. 
2025-11-12 14:55:33.482      TaskRouter:      Users loaded:         ["manuel","silvan","david"] 
2025-11-12 14:55:33.481      TaskRouter:      Times loaded:         [[[],[],[]],[[],[],[]],[[],[],[]],[[],[],[]],[[],[],[]],[[],[],[]],[[],[],[]]] 
2025-11-12 14:55:33.484      UserRouter:      Users loaded:         ["manuel","silvan","david"] 
2025-11-12 14:55:33.481      TaskRouter:      Tasks loaded:         [[[],[],[]],[[],[],[]],[[],[],[]],[[],[],[]],[[],[],[]],[[],[],[]],[[],[],[]]] 
2025-11-12 14:55:33.485      TimeRouter:      Times loaded:         ["0","0","0"] 
2025-11-12 14:55:33.486      TimeRouter:      Users loaded:         ["manuel","silvan","david"] 
2025-11-12 14:55:33.488      LoginRouter:     Passwords loaded:     ["Hidden"] 
2025-11-12 14:55:33.488      LoginRouter:     Usernames loaded:     ["Hidden"] 
2025-11-12 14:56:30.300      Server Startup! 
2025-11-12 14:56:30.302      HTTPS server running on port 10108 
2025-11-12 14:56:30.302      HTTP server running on port 80 
2025-11-12 14:56:30.318      AdminRouter:     All data loaded. 
2025-11-12 14:56:30.348      TaskRouter:      Times loaded:         [[[],[],[]],[[],[],[]],[[],[],[]],[[],[],[]],[[],[],[]],[[],[],[]],[[],[],[]]] 
2025-11-12 14:56:30.349      TaskRouter:      Users loaded:         ["manuel","silvan","david"] 
2025-11-12 14:56:30.349      TaskRouter:      Tasks loaded:         [[[],[],[]],[[],[],[]],[[],[],[]],[[],[],[]],[[],[],[]],[[],[],[]],[[],[],[]]] 
2025-11-12 14:56:30.352      UserRouter:      Users loaded:         ["manuel","silvan","david"] 
2025-11-12 14:56:30.354      TimeRouter:      Times loaded:         ["0","0","0"] 
2025-11-12 14:56:30.355      TimeRouter:      Users loaded:         ["manuel","silvan","david"] 
2025-11-12 14:56:30.359      LoginRouter:     Passwords loaded:     ["Hidden"] 
2025-11-12 14:56:30.359      LoginRouter:     Usernames loaded:     ["Hidden"] 
2025-11-12 14:57:42.114      Server Startup! 
2025-11-12 14:57:42.116      HTTPS server running on port 10108 
2025-11-12 14:57:42.115      HTTP server running on port 80 
2025-11-12 14:57:42.127      AdminRouter:     All data loaded. 
2025-11-12 14:57:42.149      TaskRouter:      Times loaded:         [[[],[],[]],[[],[],[]],[[],[],[]],[[],[],[]],[[],[],[]],[[],[],[]],[[],[],[]]] 
2025-11-12 14:57:42.150      TaskRouter:      Users loaded:         ["manuel","silvan","david"] 
2025-11-12 14:57:42.149      TaskRouter:      Tasks loaded:         [[[],[],[]],[[],[],[]],[[],[],[]],[[],[],[]],[[],[],[]],[[],[],[]],[[],[],[]]] 
2025-11-12 14:57:42.152      UserRouter:      Users loaded:         ["manuel","silvan","david"] 
2025-11-12 14:57:42.154      TimeRouter:      Times loaded:         ["0","0","0"] 
2025-11-12 14:57:42.155      TimeRouter:      Users loaded:         ["manuel","silvan","david"] 
2025-11-12 14:57:42.158      LoginRouter:     Usernames loaded:     ["Hidden"] 
2025-11-12 14:57:42.157      LoginRouter:     Passwords loaded:     ["Hidden"] 
2025-11-12 14:59:00.758      Server Startup! 
2025-11-12 14:59:00.760      HTTP server running on port 80 
2025-11-12 14:59:00.760      HTTPS server running on port 10108 
2025-11-12 14:59:00.771      AdminRouter:     All data loaded. 
2025-11-12 14:59:00.792      TaskRouter:      Users loaded:         ["manuel","silvan","david"] 
2025-11-12 14:59:00.792      TaskRouter:      Tasks loaded:         [[[],[],[]],[[],[],[]],[[],[],[]],[[],[],[]],[[],[],[]],[[],[],[]],[[],[],[]]] 
2025-11-12 14:59:00.795      UserRouter:      Users loaded:         ["manuel","silvan","david"] 
2025-11-12 14:59:00.792      TaskRouter:      Times loaded:         [[[],[],[]],[[],[],[]],[[],[],[]],[[],[],[]],[[],[],[]],[[],[],[]],[[],[],[]]] 
2025-11-12 14:59:00.797      TimeRouter:      Times loaded:         ["0","0","0"] 
2025-11-12 14:59:00.797      TimeRouter:      Users loaded:         ["manuel","silvan","david"] 
2025-11-12 14:59:00.800      LoginRouter:     Passwords loaded:     ["Hidden"] 
2025-11-12 14:59:00.801      LoginRouter:     Usernames loaded:     ["Hidden"] 
2025-11-12 14:59:14.292      Server Startup! 
2025-11-12 14:59:14.294      HTTP server running on port 80 
2025-11-12 14:59:14.294      HTTPS server running on port 10108 
2025-11-12 14:59:14.310      AdminRouter:     All data loaded. 
2025-11-12 14:59:14.342      TaskRouter:      Users loaded:         ["manuel","silvan","david"] 
2025-11-12 14:59:14.342      TaskRouter:      Tasks loaded:         [[[],[],[]],[[],[],[]],[[],[],[]],[[],[],[]],[[],[],[]],[[],[],[]],[[],[],[]]] 
2025-11-12 14:59:14.342      TaskRouter:      Times loaded:         [[[],[],[]],[[],[],[]],[[],[],[]],[[],[],[]],[[],[],[]],[[],[],[]],[[],[],[]]] 
2025-11-12 14:59:14.345      UserRouter:      Users loaded:         ["manuel","silvan","david"] 
2025-11-12 14:59:14.346      TimeRouter:      Times loaded:         ["0","0","0"] 
2025-11-12 14:59:14.347      TimeRouter:      Users loaded:         ["manuel","silvan","david"] 
2025-11-12 14:59:14.350      LoginRouter:     Usernames loaded:     ["Hidden"] 
2025-11-12 14:59:14.350      LoginRouter:     Passwords loaded:     ["Hidden"] 
2025-11-12 15:00:15.485      UserRouter:      Searched for users: manuel,silvan,david 
2025-11-12 15:00:19.163      UserRouter:      Searched for users: manuel,silvan,david 
2025-11-12 15:00:21.141      UserRouter:      Searched for users: manuel,silvan,david 
2025-11-12 15:00:28.693      UserRouter:      Searched for users: manuel,silvan,david 
2025-11-12 15:02:26.825      Server Startup! 
2025-11-12 15:02:26.827      HTTP server running on port 80 
2025-11-12 15:02:26.827      HTTPS server running on port 10108 
2025-11-12 15:02:26.839      AdminRouter:     All data loaded. 
2025-11-12 15:02:26.864      TaskRouter:      Tasks loaded:         [[[],[],[]],[[],[],[]],[[],[],[]],[[],[],[]],[[],[],[]],[[],[],[]],[[],[],[]]] 
2025-11-12 15:02:26.863      TaskRouter:      Times loaded:         [[[],[],[]],[[],[],[]],[[],[],[]],[[],[],[]],[[],[],[]],[[],[],[]],[[],[],[]]] 
2025-11-12 15:02:26.864      TaskRouter:      Users loaded:         ["manuel","silvan","david"] 
2025-11-12 15:02:26.866      UserRouter:      Users loaded:         ["manuel","silvan","david"] 
2025-11-12 15:02:26.867      TimeRouter:      Times loaded:         ["0","0","0"] 
2025-11-12 15:02:26.870      LoginRouter:     Passwords loaded:     ["Hidden"] 
2025-11-12 15:02:26.868      TimeRouter:      Users loaded:         ["manuel","silvan","david"] 
2025-11-12 15:02:26.870      LoginRouter:     Usernames loaded:     ["Hidden"] 
2025-11-12 15:05:48.224      Server Startup! 
2025-11-12 15:05:48.227      HTTPS server running on port 10108 
2025-11-12 15:05:48.226      HTTP server running on port 80 
2025-11-12 15:05:48.240      AdminRouter:     All data loaded. 
2025-11-12 15:05:48.263      TaskRouter:      Users loaded:         ["manuel","silvan","david"] 
2025-11-12 15:05:48.262      TaskRouter:      Times loaded:         [[[],[],[]],[[],[],[]],[[],[],[]],[[],[],[]],[[],[],[]],[[],[],[]],[[],[],[]]] 
2025-11-12 15:05:48.262      TaskRouter:      Tasks loaded:         [[[],[],[]],[[],[],[]],[[],[],[]],[[],[],[]],[[],[],[]],[[],[],[]],[[],[],[]]] 
2025-11-12 15:05:48.265      UserRouter:      Users loaded:         ["manuel","silvan","david"] 
2025-11-12 15:05:48.266      TimeRouter:      Times loaded:         ["0","0","0"] 
2025-11-12 15:05:48.267      TimeRouter:      Users loaded:         ["manuel","silvan","david"] 
2025-11-12 15:05:48.269      LoginRouter:     Passwords loaded:     ["Hidden"] 
2025-11-12 15:05:48.269      LoginRouter:     Usernames loaded:     ["Hidden"] 
2025-11-12 15:05:50.020      UserRouter:      Searched for users: manuel,silvan,david 
2025-11-12 15:06:25.405      UserRouter:      Searched for users: manuel,silvan,david 
2025-11-12 15:06:27.890      UserRouter:      Searched for users: manuel,silvan,david 
2025-11-12 15:06:29.105      UserRouter:      Searched for users: manuel,silvan,david 
